C:\USERS\S\DESKTOP\GESTUREDLL\GESTURE_REC\GESTURE_REC\X64\DEBUG\GESTURE_REC.PCH
C:\USERS\S\DESKTOP\GESTUREDLL\GESTURE_REC\GESTURE_REC\X64\DEBUG\STDAFX.OBJ
C:\USERS\S\DESKTOP\GESTUREDLL\GESTURE_REC\GESTURE_REC\X64\DEBUG\VC110.PDB
C:\USERS\S\DESKTOP\GESTUREDLL\GESTURE_REC\GESTURE_REC\X64\DEBUG\DLLMAIN.OBJ
C:\USERS\S\DESKTOP\GESTUREDLL\GESTURE_REC\GESTURE_REC\X64\DEBUG\GESTURE_REC.OBJ
C:\USERS\S\DESKTOP\GESTUREDLL\GESTURE_REC\GESTURE_REC\X64\DEBUG\MYDLL.OBJ
C:\Users\s\Desktop\GestureDll\Gesture_Rec\x64\Debug\Gesture_Rec.lib
C:\Users\s\Desktop\GestureDll\Gesture_Rec\x64\Debug\Gesture_Rec.exp
C:\USERS\S\DESKTOP\GESTUREDLL\GESTURE_REC\X64\DEBUG\GESTURE_REC.ILK
C:\USERS\S\DESKTOP\GESTUREDLL\GESTURE_REC\X64\DEBUG\GESTURE_REC.DLL
C:\USERS\S\DESKTOP\GESTUREDLL\GESTURE_REC\X64\DEBUG\GESTURE_REC.PDB
C:\Users\s\Desktop\GestureDll\Gesture_Rec\Gesture_Rec\x64\Debug\dllmain.obj
C:\Users\s\Desktop\GestureDll\Gesture_Rec\Gesture_Rec\x64\Debug\Gesture_Rec.obj
C:\Users\s\Desktop\GestureDll\Gesture_Rec\Gesture_Rec\x64\Debug\myDll.obj
C:\Users\s\Desktop\GestureDll\Gesture_Rec\Gesture_Rec\x64\Debug\stdafx.obj
C:\Users\s\Desktop\GestureDll\Gesture_Rec\Gesture_Rec\x64\Debug\cl.command.1.tlog
C:\Users\s\Desktop\GestureDll\Gesture_Rec\Gesture_Rec\x64\Debug\CL.read.1.tlog
C:\Users\s\Desktop\GestureDll\Gesture_Rec\Gesture_Rec\x64\Debug\CL.write.1.tlog
C:\Users\s\Desktop\GestureDll\Gesture_Rec\Gesture_Rec\x64\Debug\Gesture_Rec.write.1.tlog
C:\Users\s\Desktop\GestureDll\Gesture_Rec\Gesture_Rec\x64\Debug\link-cvtres.read.1.tlog
C:\Users\s\Desktop\GestureDll\Gesture_Rec\Gesture_Rec\x64\Debug\link-cvtres.write.1.tlog
C:\Users\s\Desktop\GestureDll\Gesture_Rec\Gesture_Rec\x64\Debug\link-rc.read.1.tlog
C:\Users\s\Desktop\GestureDll\Gesture_Rec\Gesture_Rec\x64\Debug\link-rc.write.1.tlog
C:\Users\s\Desktop\GestureDll\Gesture_Rec\Gesture_Rec\x64\Debug\link.command.1.tlog
C:\Users\s\Desktop\GestureDll\Gesture_Rec\Gesture_Rec\x64\Debug\link.read.1.tlog
C:\Users\s\Desktop\GestureDll\Gesture_Rec\Gesture_Rec\x64\Debug\link.write.1.tlog
C:\Users\s\Desktop\GestureDll\Gesture_Rec\Gesture_Rec\x64\Debug\Gesture_Rec.pch
C:\Users\s\Desktop\GestureDll\Gesture_Rec\Gesture_Rec\x64\Debug\vc110.idb
C:\Users\s\Desktop\GestureDll\Gesture_Rec\Gesture_Rec\x64\Debug\vc110.pdb
C:\Users\s\Desktop\GestureDll\Gesture_Rec\x64\Debug\Gesture_Rec.pdb
C:\Users\s\Desktop\GestureDll\Gesture_Rec\x64\Debug\Gesture_Rec.dll
C:\Users\s\Desktop\GestureDll\Gesture_Rec\x64\Debug\Gesture_Rec.ilk
