生成启动时间为 2016/11/15 17:21:40。
     1>项目“C:\Users\s\Desktop\GestureDll\Gesture_Rec\Gesture_Rec\Gesture_Rec.vcxproj”在节点 2 上(Rebuild 个目标)。
     1>ClCompile:
         D:\app\vs\VC\bin\x86_amd64\CL.exe /c /Zi /nologo /W3 /WX- /sdl /Od /D WIN32 /D _DEBUG /D _WINDOWS /D _USRDLL /D GESTURE_REC_EXPORTS /D _WINDLL /D _UNICODE /D UNICODE /Gm /EHsc /RTC1 /MDd /GS /fp:precise /Zc:wchar_t /Zc:forScope /Yc"stdafx.h" /Fp"x64\Debug\Gesture_Rec.pch" /Fo"x64\Debug\\" /Fd"x64\Debug\vc110.pdb" /Gd /TP /errorReport:prompt stdafx.cpp
         stdafx.cpp
         D:\app\vs\VC\bin\x86_amd64\CL.exe /c /Zi /nologo /W3 /WX- /sdl /Od /D WIN32 /D _DEBUG /D _WINDOWS /D _USRDLL /D GESTURE_REC_EXPORTS /D _WINDLL /D _UNICODE /D UNICODE /Gm /EHsc /RTC1 /MDd /GS /fp:precise /Zc:wchar_t /Zc:forScope /Fo"x64\Debug\\" /Fd"x64\Debug\vc110.pdb" /Gd /TP /errorReport:prompt dllmain.cpp
         dllmain.cpp
         D:\app\vs\VC\bin\x86_amd64\CL.exe /c /Zi /nologo /W3 /WX- /sdl /Od /D WIN32 /D _DEBUG /D _WINDOWS /D _USRDLL /D GESTURE_REC_EXPORTS /D _WINDLL /D _UNICODE /D UNICODE /Gm /EHsc /RTC1 /MDd /GS /fp:precise /Zc:wchar_t /Zc:forScope /Yu"stdafx.h" /Fp"x64\Debug\Gesture_Rec.pch" /Fo"x64\Debug\\" /Fd"x64\Debug\vc110.pdb" /Gd /TP /errorReport:prompt Gesture_Rec.cpp myDll.cpp
         myDll.cpp
         Gesture_Rec.cpp
         正在生成代码...
       Link:
         D:\app\vs\VC\bin\x86_amd64\link.exe /ERRORREPORT:PROMPT /OUT:"C:\Users\s\Desktop\GestureDll\Gesture_Rec\x64\Debug\Gesture_Rec.dll" /INCREMENTAL /NOLOGO NiTE2.lib OpenNI2.lib kernel32.lib user32.lib gdi32.lib winspool.lib comdlg32.lib advapi32.lib shell32.lib ole32.lib oleaut32.lib uuid.lib odbc32.lib odbccp32.lib /MANIFEST /MANIFESTUAC:"level='asInvoker' uiAccess='false'" /manifest:embed /DEBUG /PDB:"C:\Users\s\Desktop\GestureDll\Gesture_Rec\x64\Debug\Gesture_Rec.pdb" /SUBSYSTEM:WINDOWS /TLBID:1 /DYNAMICBASE /NXCOMPAT /IMPLIB:"C:\Users\s\Desktop\GestureDll\Gesture_Rec\x64\Debug\Gesture_Rec.lib" /MACHINE:X64 /DLL x64\Debug\dllmain.obj
         x64\Debug\Gesture_Rec.obj
         x64\Debug\myDll.obj
         x64\Debug\stdafx.obj
            正在创建库 C:\Users\s\Desktop\GestureDll\Gesture_Rec\x64\Debug\Gesture_Rec.lib 和对象 C:\Users\s\Desktop\GestureDll\Gesture_Rec\x64\Debug\Gesture_Rec.exp
         Gesture_Rec.vcxproj -> C:\Users\s\Desktop\GestureDll\Gesture_Rec\x64\Debug\Gesture_Rec.dll
     1>已完成生成项目“C:\Users\s\Desktop\GestureDll\Gesture_Rec\Gesture_Rec\Gesture_Rec.vcxproj”(Rebuild 个目标)的操作。

生成成功。

已用时间 00:00:01.61
